2024-12-14 01:13:46 [pool-1-thread-1] ERROR c.f.f.b.task.ActiveOrdersRequestTask - ACTIVE_ORDERS_REQUEST_TIMEOUT
chuks.flatbook.fx.backend.exception.TaskTimeoutException: ACTIVE_ORDERS_REQUEST_TIMEOUT
	at chuks.flatbook.fx.backend.task.ActiveOrdersRequestTask.run(ActiveOrdersRequestTask.java:52)
	at chuks.flatbook.fx.backend.task.TaskManager$TaskHandler.run(TaskManager.java:61)
	at java.base/java.util.concurrent.Executors$RunnableAdapter.call(Executors.java:572)
	at java.base/java.util.concurrent.FutureTask.run(FutureTask.java:317)
	at java.base/java.util.concurrent.ThreadPoolExecutor.runWorker(ThreadPoolExecutor.java:1144)
	at java.base/java.util.concurrent.ThreadPoolExecutor$Worker.run(ThreadPoolExecutor.java:642)
	at java.base/java.lang.Thread.run(Thread.java:1583)
2024-12-14 01:16:00 [pool-1-thread-1] ERROR c.f.f.b.task.ActiveOrdersRequestTask - ACTIVE_ORDERS_REQUEST_TIMEOUT
chuks.flatbook.fx.backend.exception.TaskTimeoutException: ACTIVE_ORDERS_REQUEST_TIMEOUT
	at chuks.flatbook.fx.backend.task.ActiveOrdersRequestTask.run(ActiveOrdersRequestTask.java:52)
	at chuks.flatbook.fx.backend.task.TaskManager$TaskHandler.run(TaskManager.java:61)
	at java.base/java.util.concurrent.Executors$RunnableAdapter.call(Executors.java:572)
	at java.base/java.util.concurrent.FutureTask.run(FutureTask.java:317)
	at java.base/java.util.concurrent.ThreadPoolExecutor.runWorker(ThreadPoolExecutor.java:1144)
	at java.base/java.util.concurrent.ThreadPoolExecutor$Worker.run(ThreadPoolExecutor.java:642)
	at java.base/java.lang.Thread.run(Thread.java:1583)
2024-12-14 01:34:54 [pool-1-thread-1] ERROR c.f.f.b.task.ActiveOrdersRequestTask - ACTIVE_ORDERS_REQUEST_TIMEOUT
chuks.flatbook.fx.backend.exception.TaskTimeoutException: ACTIVE_ORDERS_REQUEST_TIMEOUT
	at chuks.flatbook.fx.backend.task.ActiveOrdersRequestTask.run(ActiveOrdersRequestTask.java:52)
	at chuks.flatbook.fx.backend.task.TaskManager$TaskHandler.run(TaskManager.java:61)
	at java.base/java.util.concurrent.Executors$RunnableAdapter.call(Executors.java:572)
	at java.base/java.util.concurrent.FutureTask.run(FutureTask.java:317)
	at java.base/java.util.concurrent.ThreadPoolExecutor.runWorker(ThreadPoolExecutor.java:1144)
	at java.base/java.util.concurrent.ThreadPoolExecutor$Worker.run(ThreadPoolExecutor.java:642)
	at java.base/java.lang.Thread.run(Thread.java:1583)
2024-12-14 01:42:42 [pool-1-thread-1] ERROR c.f.f.b.task.ActiveOrdersRequestTask - ACTIVE_ORDERS_REQUEST_TIMEOUT
chuks.flatbook.fx.backend.exception.TaskTimeoutException: ACTIVE_ORDERS_REQUEST_TIMEOUT
	at chuks.flatbook.fx.backend.task.ActiveOrdersRequestTask.run(ActiveOrdersRequestTask.java:52)
	at chuks.flatbook.fx.backend.task.TaskManager$TaskHandler.run(TaskManager.java:61)
	at java.base/java.util.concurrent.Executors$RunnableAdapter.call(Executors.java:572)
	at java.base/java.util.concurrent.FutureTask.run(FutureTask.java:317)
	at java.base/java.util.concurrent.ThreadPoolExecutor.runWorker(ThreadPoolExecutor.java:1144)
	at java.base/java.util.concurrent.ThreadPoolExecutor$Worker.run(ThreadPoolExecutor.java:642)
	at java.base/java.lang.Thread.run(Thread.java:1583)
2024-12-14 01:47:17 [pool-1-thread-1] ERROR c.f.f.b.task.ActiveOrdersRequestTask - ACTIVE_ORDERS_REQUEST_TIMEOUT
chuks.flatbook.fx.backend.exception.TaskTimeoutException: ACTIVE_ORDERS_REQUEST_TIMEOUT
	at chuks.flatbook.fx.backend.task.ActiveOrdersRequestTask.run(ActiveOrdersRequestTask.java:52)
	at chuks.flatbook.fx.backend.task.TaskManager$TaskHandler.run(TaskManager.java:61)
	at java.base/java.util.concurrent.Executors$RunnableAdapter.call(Executors.java:572)
	at java.base/java.util.concurrent.FutureTask.run(FutureTask.java:317)
	at java.base/java.util.concurrent.ThreadPoolExecutor.runWorker(ThreadPoolExecutor.java:1144)
	at java.base/java.util.concurrent.ThreadPoolExecutor$Worker.run(ThreadPoolExecutor.java:642)
	at java.base/java.lang.Thread.run(Thread.java:1583)
2024-12-14 22:30:13 [pool-1-thread-1] ERROR c.f.f.b.task.ActiveOrdersRequestTask - ACTIVE_ORDERS_REQUEST_TIMEOUT
chuks.flatbook.fx.backend.exception.TaskTimeoutException: ACTIVE_ORDERS_REQUEST_TIMEOUT
	at chuks.flatbook.fx.backend.task.ActiveOrdersRequestTask.run(ActiveOrdersRequestTask.java:52)
	at chuks.flatbook.fx.backend.task.TaskManager$TaskHandler.run(TaskManager.java:61)
	at java.base/java.util.concurrent.Executors$RunnableAdapter.call(Executors.java:572)
	at java.base/java.util.concurrent.FutureTask.run(FutureTask.java:317)
	at java.base/java.util.concurrent.ThreadPoolExecutor.runWorker(ThreadPoolExecutor.java:1144)
	at java.base/java.util.concurrent.ThreadPoolExecutor$Worker.run(ThreadPoolExecutor.java:642)
	at java.base/java.lang.Thread.run(Thread.java:1583)
2024-12-14 22:32:47 [pool-1-thread-1] ERROR c.f.f.b.task.ActiveOrdersRequestTask - ACTIVE_ORDERS_REQUEST_TIMEOUT
chuks.flatbook.fx.backend.exception.TaskTimeoutException: ACTIVE_ORDERS_REQUEST_TIMEOUT
	at chuks.flatbook.fx.backend.task.ActiveOrdersRequestTask.run(ActiveOrdersRequestTask.java:52)
	at chuks.flatbook.fx.backend.task.TaskManager$TaskHandler.run(TaskManager.java:61)
	at java.base/java.util.concurrent.Executors$RunnableAdapter.call(Executors.java:572)
	at java.base/java.util.concurrent.FutureTask.run(FutureTask.java:317)
	at java.base/java.util.concurrent.ThreadPoolExecutor.runWorker(ThreadPoolExecutor.java:1144)
	at java.base/java.util.concurrent.ThreadPoolExecutor$Worker.run(ThreadPoolExecutor.java:642)
	at java.base/java.lang.Thread.run(Thread.java:1583)
2024-12-14 22:41:47 [pool-1-thread-1] ERROR c.f.f.b.task.ActiveOrdersRequestTask - ACTIVE_ORDERS_REQUEST_TIMEOUT
chuks.flatbook.fx.backend.exception.TaskTimeoutException: ACTIVE_ORDERS_REQUEST_TIMEOUT
	at chuks.flatbook.fx.backend.task.ActiveOrdersRequestTask.run(ActiveOrdersRequestTask.java:52)
	at chuks.flatbook.fx.backend.task.TaskManager$TaskHandler.run(TaskManager.java:61)
	at java.base/java.util.concurrent.Executors$RunnableAdapter.call(Executors.java:572)
	at java.base/java.util.concurrent.FutureTask.run(FutureTask.java:317)
	at java.base/java.util.concurrent.ThreadPoolExecutor.runWorker(ThreadPoolExecutor.java:1144)
	at java.base/java.util.concurrent.ThreadPoolExecutor$Worker.run(ThreadPoolExecutor.java:642)
	at java.base/java.lang.Thread.run(Thread.java:1583)
2024-12-14 22:52:09 [pool-1-thread-1] ERROR c.f.f.b.task.ActiveOrdersRequestTask - ACTIVE_ORDERS_REQUEST_TIMEOUT
chuks.flatbook.fx.backend.exception.TaskTimeoutException: ACTIVE_ORDERS_REQUEST_TIMEOUT
	at chuks.flatbook.fx.backend.task.ActiveOrdersRequestTask.run(ActiveOrdersRequestTask.java:52)
	at chuks.flatbook.fx.backend.task.TaskManager$TaskHandler.run(TaskManager.java:61)
	at java.base/java.util.concurrent.Executors$RunnableAdapter.call(Executors.java:572)
	at java.base/java.util.concurrent.FutureTask.run(FutureTask.java:317)
	at java.base/java.util.concurrent.ThreadPoolExecutor.runWorker(ThreadPoolExecutor.java:1144)
	at java.base/java.util.concurrent.ThreadPoolExecutor$Worker.run(ThreadPoolExecutor.java:642)
	at java.base/java.lang.Thread.run(Thread.java:1583)
2024-12-14 22:56:16 [pool-1-thread-1] ERROR c.f.f.b.task.ActiveOrdersRequestTask - ACTIVE_ORDERS_REQUEST_TIMEOUT
chuks.flatbook.fx.backend.exception.TaskTimeoutException: ACTIVE_ORDERS_REQUEST_TIMEOUT
	at chuks.flatbook.fx.backend.task.ActiveOrdersRequestTask.run(ActiveOrdersRequestTask.java:52)
	at chuks.flatbook.fx.backend.task.TaskManager$TaskHandler.run(TaskManager.java:61)
	at java.base/java.util.concurrent.Executors$RunnableAdapter.call(Executors.java:572)
	at java.base/java.util.concurrent.FutureTask.run(FutureTask.java:317)
	at java.base/java.util.concurrent.ThreadPoolExecutor.runWorker(ThreadPoolExecutor.java:1144)
	at java.base/java.util.concurrent.ThreadPoolExecutor$Worker.run(ThreadPoolExecutor.java:642)
	at java.base/java.lang.Thread.run(Thread.java:1583)
2024-12-14 22:59:18 [pool-1-thread-1] ERROR c.f.f.b.task.ActiveOrdersRequestTask - ACTIVE_ORDERS_REQUEST_TIMEOUT
chuks.flatbook.fx.backend.exception.TaskTimeoutException: ACTIVE_ORDERS_REQUEST_TIMEOUT
	at chuks.flatbook.fx.backend.task.ActiveOrdersRequestTask.run(ActiveOrdersRequestTask.java:52)
	at chuks.flatbook.fx.backend.task.TaskManager$TaskHandler.run(TaskManager.java:61)
	at java.base/java.util.concurrent.Executors$RunnableAdapter.call(Executors.java:572)
	at java.base/java.util.concurrent.FutureTask.run(FutureTask.java:317)
	at java.base/java.util.concurrent.ThreadPoolExecutor.runWorker(ThreadPoolExecutor.java:1144)
	at java.base/java.util.concurrent.ThreadPoolExecutor$Worker.run(ThreadPoolExecutor.java:642)
	at java.base/java.lang.Thread.run(Thread.java:1583)
2024-12-14 23:00:37 [pool-1-thread-1] ERROR c.f.f.b.task.ActiveOrdersRequestTask - ACTIVE_ORDERS_REQUEST_TIMEOUT
chuks.flatbook.fx.backend.exception.TaskTimeoutException: ACTIVE_ORDERS_REQUEST_TIMEOUT
	at chuks.flatbook.fx.backend.task.ActiveOrdersRequestTask.run(ActiveOrdersRequestTask.java:52)
	at chuks.flatbook.fx.backend.task.TaskManager$TaskHandler.run(TaskManager.java:61)
	at java.base/java.util.concurrent.Executors$RunnableAdapter.call(Executors.java:572)
	at java.base/java.util.concurrent.FutureTask.run(FutureTask.java:317)
	at java.base/java.util.concurrent.ThreadPoolExecutor.runWorker(ThreadPoolExecutor.java:1144)
	at java.base/java.util.concurrent.ThreadPoolExecutor$Worker.run(ThreadPoolExecutor.java:642)
	at java.base/java.lang.Thread.run(Thread.java:1583)
2024-12-14 23:14:21 [pool-1-thread-1] ERROR c.f.f.b.task.ActiveOrdersRequestTask - ACTIVE_ORDERS_REQUEST_TIMEOUT
chuks.flatbook.fx.backend.exception.TaskTimeoutException: ACTIVE_ORDERS_REQUEST_TIMEOUT
	at chuks.flatbook.fx.backend.task.ActiveOrdersRequestTask.run(ActiveOrdersRequestTask.java:52)
	at chuks.flatbook.fx.backend.task.TaskManager$TaskHandler.run(TaskManager.java:61)
	at java.base/java.util.concurrent.Executors$RunnableAdapter.call(Executors.java:572)
	at java.base/java.util.concurrent.FutureTask.run(FutureTask.java:317)
	at java.base/java.util.concurrent.ThreadPoolExecutor.runWorker(ThreadPoolExecutor.java:1144)
	at java.base/java.util.concurrent.ThreadPoolExecutor$Worker.run(ThreadPoolExecutor.java:642)
	at java.base/java.lang.Thread.run(Thread.java:1583)
2024-12-14 23:16:06 [pool-1-thread-1] ERROR c.f.f.b.task.ActiveOrdersRequestTask - ACTIVE_ORDERS_REQUEST_TIMEOUT
chuks.flatbook.fx.backend.exception.TaskTimeoutException: ACTIVE_ORDERS_REQUEST_TIMEOUT
	at chuks.flatbook.fx.backend.task.ActiveOrdersRequestTask.run(ActiveOrdersRequestTask.java:52)
	at chuks.flatbook.fx.backend.task.TaskManager$TaskHandler.run(TaskManager.java:61)
	at java.base/java.util.concurrent.Executors$RunnableAdapter.call(Executors.java:572)
	at java.base/java.util.concurrent.FutureTask.run(FutureTask.java:317)
	at java.base/java.util.concurrent.ThreadPoolExecutor.runWorker(ThreadPoolExecutor.java:1144)
	at java.base/java.util.concurrent.ThreadPoolExecutor$Worker.run(ThreadPoolExecutor.java:642)
	at java.base/java.lang.Thread.run(Thread.java:1583)
2024-12-14 23:26:35 [pool-1-thread-1] ERROR c.f.f.b.task.ActiveOrdersRequestTask - ACTIVE_ORDERS_REQUEST_TIMEOUT
chuks.flatbook.fx.backend.exception.TaskTimeoutException: ACTIVE_ORDERS_REQUEST_TIMEOUT
	at chuks.flatbook.fx.backend.task.ActiveOrdersRequestTask.run(ActiveOrdersRequestTask.java:52)
	at chuks.flatbook.fx.backend.task.TaskManager$TaskHandler.run(TaskManager.java:61)
	at java.base/java.util.concurrent.Executors$RunnableAdapter.call(Executors.java:572)
	at java.base/java.util.concurrent.FutureTask.run(FutureTask.java:317)
	at java.base/java.util.concurrent.ThreadPoolExecutor.runWorker(ThreadPoolExecutor.java:1144)
	at java.base/java.util.concurrent.ThreadPoolExecutor$Worker.run(ThreadPoolExecutor.java:642)
	at java.base/java.lang.Thread.run(Thread.java:1583)
2024-12-14 23:32:38 [pool-1-thread-1] ERROR c.f.f.b.task.ActiveOrdersRequestTask - ACTIVE_ORDERS_REQUEST_TIMEOUT
chuks.flatbook.fx.backend.exception.TaskTimeoutException: ACTIVE_ORDERS_REQUEST_TIMEOUT
	at chuks.flatbook.fx.backend.task.ActiveOrdersRequestTask.run(ActiveOrdersRequestTask.java:52)
	at chuks.flatbook.fx.backend.task.TaskManager$TaskHandler.run(TaskManager.java:61)
	at java.base/java.util.concurrent.Executors$RunnableAdapter.call(Executors.java:572)
	at java.base/java.util.concurrent.FutureTask.run(FutureTask.java:317)
	at java.base/java.util.concurrent.ThreadPoolExecutor.runWorker(ThreadPoolExecutor.java:1144)
	at java.base/java.util.concurrent.ThreadPoolExecutor$Worker.run(ThreadPoolExecutor.java:642)
	at java.base/java.lang.Thread.run(Thread.java:1583)
2024-12-14 23:36:20 [pool-1-thread-1] ERROR c.f.f.b.task.ActiveOrdersRequestTask - ACTIVE_ORDERS_REQUEST_TIMEOUT
chuks.flatbook.fx.backend.exception.TaskTimeoutException: ACTIVE_ORDERS_REQUEST_TIMEOUT
	at chuks.flatbook.fx.backend.task.ActiveOrdersRequestTask.run(ActiveOrdersRequestTask.java:52)
	at chuks.flatbook.fx.backend.task.TaskManager$TaskHandler.run(TaskManager.java:61)
	at java.base/java.util.concurrent.Executors$RunnableAdapter.call(Executors.java:572)
	at java.base/java.util.concurrent.FutureTask.run(FutureTask.java:317)
	at java.base/java.util.concurrent.ThreadPoolExecutor.runWorker(ThreadPoolExecutor.java:1144)
	at java.base/java.util.concurrent.ThreadPoolExecutor$Worker.run(ThreadPoolExecutor.java:642)
	at java.base/java.lang.Thread.run(Thread.java:1583)
2024-12-14 23:37:11 [pool-1-thread-1] ERROR c.f.f.b.task.ActiveOrdersRequestTask - ACTIVE_ORDERS_REQUEST_TIMEOUT
chuks.flatbook.fx.backend.exception.TaskTimeoutException: ACTIVE_ORDERS_REQUEST_TIMEOUT
	at chuks.flatbook.fx.backend.task.ActiveOrdersRequestTask.run(ActiveOrdersRequestTask.java:52)
	at chuks.flatbook.fx.backend.task.TaskManager$TaskHandler.run(TaskManager.java:61)
	at java.base/java.util.concurrent.Executors$RunnableAdapter.call(Executors.java:572)
	at java.base/java.util.concurrent.FutureTask.run(FutureTask.java:317)
	at java.base/java.util.concurrent.ThreadPoolExecutor.runWorker(ThreadPoolExecutor.java:1144)
	at java.base/java.util.concurrent.ThreadPoolExecutor$Worker.run(ThreadPoolExecutor.java:642)
	at java.base/java.lang.Thread.run(Thread.java:1583)
2024-12-14 23:40:25 [pool-1-thread-1] ERROR c.f.f.b.task.ActiveOrdersRequestTask - ACTIVE_ORDERS_REQUEST_TIMEOUT
chuks.flatbook.fx.backend.exception.TaskTimeoutException: ACTIVE_ORDERS_REQUEST_TIMEOUT
	at chuks.flatbook.fx.backend.task.ActiveOrdersRequestTask.run(ActiveOrdersRequestTask.java:52)
	at chuks.flatbook.fx.backend.task.TaskManager$TaskHandler.run(TaskManager.java:61)
	at java.base/java.util.concurrent.Executors$RunnableAdapter.call(Executors.java:572)
	at java.base/java.util.concurrent.FutureTask.run(FutureTask.java:317)
	at java.base/java.util.concurrent.ThreadPoolExecutor.runWorker(ThreadPoolExecutor.java:1144)
	at java.base/java.util.concurrent.ThreadPoolExecutor$Worker.run(ThreadPoolExecutor.java:642)
	at java.base/java.lang.Thread.run(Thread.java:1583)
2024-12-14 23:44:10 [pool-1-thread-1] ERROR c.f.f.b.task.ActiveOrdersRequestTask - ACTIVE_ORDERS_REQUEST_TIMEOUT
chuks.flatbook.fx.backend.exception.TaskTimeoutException: ACTIVE_ORDERS_REQUEST_TIMEOUT
	at chuks.flatbook.fx.backend.task.ActiveOrdersRequestTask.run(ActiveOrdersRequestTask.java:52)
	at chuks.flatbook.fx.backend.task.TaskManager$TaskHandler.run(TaskManager.java:61)
	at java.base/java.util.concurrent.Executors$RunnableAdapter.call(Executors.java:572)
	at java.base/java.util.concurrent.FutureTask.run(FutureTask.java:317)
	at java.base/java.util.concurrent.ThreadPoolExecutor.runWorker(ThreadPoolExecutor.java:1144)
	at java.base/java.util.concurrent.ThreadPoolExecutor$Worker.run(ThreadPoolExecutor.java:642)
	at java.base/java.lang.Thread.run(Thread.java:1583)
2024-12-14 23:46:48 [pool-1-thread-1] ERROR c.f.f.b.task.ActiveOrdersRequestTask - ACTIVE_ORDERS_REQUEST_TIMEOUT
chuks.flatbook.fx.backend.exception.TaskTimeoutException: ACTIVE_ORDERS_REQUEST_TIMEOUT
	at chuks.flatbook.fx.backend.task.ActiveOrdersRequestTask.run(ActiveOrdersRequestTask.java:52)
	at chuks.flatbook.fx.backend.task.TaskManager$TaskHandler.run(TaskManager.java:61)
	at java.base/java.util.concurrent.Executors$RunnableAdapter.call(Executors.java:572)
	at java.base/java.util.concurrent.FutureTask.run(FutureTask.java:317)
	at java.base/java.util.concurrent.ThreadPoolExecutor.runWorker(ThreadPoolExecutor.java:1144)
	at java.base/java.util.concurrent.ThreadPoolExecutor$Worker.run(ThreadPoolExecutor.java:642)
	at java.base/java.lang.Thread.run(Thread.java:1583)
