2024-12-14 01:13:25 [main] INFO  quickfix.DefaultSessionSchedule - [FIX.4.4:TRD82841->QFXTRADES] daily, 00:00:00-UTC - 00:00:00-UTC
2024-12-14 01:13:25 [main] INFO  quickfix.DefaultSessionSchedule - [FIX.4.4:PRC82841->QFXPRICES] daily, 00:00:00-UTC - 00:00:00-UTC
2024-12-14 01:13:25 [main] INFO  quickfix.mina.NetworkingOptions - Socket option: SocketTcpNoDelay=true
2024-12-14 01:13:25 [main] INFO  quickfix.mina.NetworkingOptions - Socket option: SocketSynchronousWrites=false
2024-12-14 01:13:25 [main] INFO  quickfix.mina.NetworkingOptions - Socket option: SocketSynchronousWriteTimeout=30000
2024-12-14 01:13:26 [main] INFO  quickfix.mina.NetworkingOptions - Socket option: SocketTcpNoDelay=true
2024-12-14 01:13:26 [main] INFO  quickfix.mina.NetworkingOptions - Socket option: SocketSynchronousWrites=false
2024-12-14 01:13:26 [main] INFO  quickfix.mina.NetworkingOptions - Socket option: SocketSynchronousWriteTimeout=30000
2024-12-14 01:13:26 [main] INFO  quickfix.SocketInitiator - SessionTimer started
2024-12-14 01:13:26 [QFJ Message Processor] INFO  quickfix.SocketInitiator - Started QFJ Message Processor
2024-12-14 01:15:46 [main] INFO  quickfix.DefaultSessionSchedule - [FIX.4.4:TRD82841->QFXTRADES] daily, 00:00:00-UTC - 00:00:00-UTC
2024-12-14 01:15:46 [main] INFO  quickfix.DefaultSessionSchedule - [FIX.4.4:PRC82841->QFXPRICES] daily, 00:00:00-UTC - 00:00:00-UTC
2024-12-14 01:15:46 [main] INFO  quickfix.mina.NetworkingOptions - Socket option: SocketTcpNoDelay=true
2024-12-14 01:15:46 [main] INFO  quickfix.mina.NetworkingOptions - Socket option: SocketSynchronousWrites=false
2024-12-14 01:15:46 [main] INFO  quickfix.mina.NetworkingOptions - Socket option: SocketSynchronousWriteTimeout=30000
2024-12-14 01:15:47 [main] INFO  quickfix.mina.NetworkingOptions - Socket option: SocketTcpNoDelay=true
2024-12-14 01:15:47 [main] INFO  quickfix.mina.NetworkingOptions - Socket option: SocketSynchronousWrites=false
2024-12-14 01:15:47 [main] INFO  quickfix.mina.NetworkingOptions - Socket option: SocketSynchronousWriteTimeout=30000
2024-12-14 01:15:47 [main] INFO  quickfix.SocketInitiator - SessionTimer started
2024-12-14 01:15:47 [QFJ Message Processor] INFO  quickfix.SocketInitiator - Started QFJ Message Processor
2024-12-14 01:34:26 [main] INFO  quickfix.DefaultSessionSchedule - [FIX.4.4:TRD82841->QFXTRADES] daily, 00:00:00-UTC - 00:00:00-UTC
2024-12-14 01:34:27 [main] INFO  quickfix.DefaultSessionSchedule - [FIX.4.4:PRC82841->QFXPRICES] daily, 00:00:00-UTC - 00:00:00-UTC
2024-12-14 01:34:27 [main] INFO  quickfix.mina.NetworkingOptions - Socket option: SocketTcpNoDelay=true
2024-12-14 01:34:27 [main] INFO  quickfix.mina.NetworkingOptions - Socket option: SocketSynchronousWrites=false
2024-12-14 01:34:27 [main] INFO  quickfix.mina.NetworkingOptions - Socket option: SocketSynchronousWriteTimeout=30000
2024-12-14 01:34:27 [main] INFO  quickfix.mina.NetworkingOptions - Socket option: SocketTcpNoDelay=true
2024-12-14 01:34:27 [main] INFO  quickfix.mina.NetworkingOptions - Socket option: SocketSynchronousWrites=false
2024-12-14 01:34:27 [main] INFO  quickfix.mina.NetworkingOptions - Socket option: SocketSynchronousWriteTimeout=30000
2024-12-14 01:34:27 [main] INFO  quickfix.SocketInitiator - SessionTimer started
2024-12-14 01:34:27 [QFJ Message Processor] INFO  quickfix.SocketInitiator - Started QFJ Message Processor
2024-12-14 01:42:22 [main] INFO  quickfix.DefaultSessionSchedule - [FIX.4.4:TRD82841->QFXTRADES] daily, 00:00:00-UTC - 00:00:00-UTC
2024-12-14 01:42:22 [main] INFO  quickfix.DefaultSessionSchedule - [FIX.4.4:PRC82841->QFXPRICES] daily, 00:00:00-UTC - 00:00:00-UTC
2024-12-14 01:42:22 [main] INFO  quickfix.mina.NetworkingOptions - Socket option: SocketTcpNoDelay=true
2024-12-14 01:42:22 [main] INFO  quickfix.mina.NetworkingOptions - Socket option: SocketSynchronousWrites=false
2024-12-14 01:42:22 [main] INFO  quickfix.mina.NetworkingOptions - Socket option: SocketSynchronousWriteTimeout=30000
2024-12-14 01:42:23 [main] INFO  quickfix.mina.NetworkingOptions - Socket option: SocketTcpNoDelay=true
2024-12-14 01:42:23 [main] INFO  quickfix.mina.NetworkingOptions - Socket option: SocketSynchronousWrites=false
2024-12-14 01:42:23 [main] INFO  quickfix.mina.NetworkingOptions - Socket option: SocketSynchronousWriteTimeout=30000
2024-12-14 01:42:23 [main] INFO  quickfix.SocketInitiator - SessionTimer started
2024-12-14 01:42:23 [QFJ Message Processor] INFO  quickfix.SocketInitiator - Started QFJ Message Processor
2024-12-14 01:47:00 [main] INFO  quickfix.DefaultSessionSchedule - [FIX.4.4:TRD82841->QFXTRADES] daily, 00:00:00-UTC - 00:00:00-UTC
2024-12-14 01:47:00 [main] INFO  quickfix.DefaultSessionSchedule - [FIX.4.4:PRC82841->QFXPRICES] daily, 00:00:00-UTC - 00:00:00-UTC
2024-12-14 01:47:00 [main] INFO  quickfix.mina.NetworkingOptions - Socket option: SocketTcpNoDelay=true
2024-12-14 01:47:00 [main] INFO  quickfix.mina.NetworkingOptions - Socket option: SocketSynchronousWrites=false
2024-12-14 01:47:00 [main] INFO  quickfix.mina.NetworkingOptions - Socket option: SocketSynchronousWriteTimeout=30000
2024-12-14 01:47:00 [main] INFO  quickfix.mina.NetworkingOptions - Socket option: SocketTcpNoDelay=true
2024-12-14 01:47:00 [main] INFO  quickfix.mina.NetworkingOptions - Socket option: SocketSynchronousWrites=false
2024-12-14 01:47:00 [main] INFO  quickfix.mina.NetworkingOptions - Socket option: SocketSynchronousWriteTimeout=30000
2024-12-14 01:47:00 [main] INFO  quickfix.SocketInitiator - SessionTimer started
2024-12-14 01:47:00 [QFJ Message Processor] INFO  quickfix.SocketInitiator - Started QFJ Message Processor
2024-12-14 22:29:58 [main] INFO  quickfix.DefaultSessionSchedule - [FIX.4.4:TRD82841->QFXTRADES] daily, 00:00:00-UTC - 00:00:00-UTC
2024-12-14 22:29:58 [main] INFO  quickfix.DefaultSessionSchedule - [FIX.4.4:PRC82841->QFXPRICES] daily, 00:00:00-UTC - 00:00:00-UTC
2024-12-14 22:29:58 [main] INFO  quickfix.mina.NetworkingOptions - Socket option: SocketTcpNoDelay=true
2024-12-14 22:29:58 [main] INFO  quickfix.mina.NetworkingOptions - Socket option: SocketSynchronousWrites=false
2024-12-14 22:29:58 [main] INFO  quickfix.mina.NetworkingOptions - Socket option: SocketSynchronousWriteTimeout=30000
2024-12-14 22:29:58 [main] INFO  quickfix.mina.NetworkingOptions - Socket option: SocketTcpNoDelay=true
2024-12-14 22:29:58 [main] INFO  quickfix.mina.NetworkingOptions - Socket option: SocketSynchronousWrites=false
2024-12-14 22:29:58 [main] INFO  quickfix.mina.NetworkingOptions - Socket option: SocketSynchronousWriteTimeout=30000
2024-12-14 22:29:58 [main] INFO  quickfix.SocketInitiator - SessionTimer started
2024-12-14 22:29:58 [QFJ Message Processor] INFO  quickfix.SocketInitiator - Started QFJ Message Processor
2024-12-14 22:31:23 [main] INFO  quickfix.DefaultSessionSchedule - [FIX.4.4:TRD82841->QFXTRADES] daily, 00:00:00-UTC - 00:00:00-UTC
2024-12-14 22:31:23 [main] INFO  quickfix.DefaultSessionSchedule - [FIX.4.4:PRC82841->QFXPRICES] daily, 00:00:00-UTC - 00:00:00-UTC
2024-12-14 22:31:23 [main] INFO  quickfix.mina.NetworkingOptions - Socket option: SocketTcpNoDelay=true
2024-12-14 22:31:23 [main] INFO  quickfix.mina.NetworkingOptions - Socket option: SocketSynchronousWrites=false
2024-12-14 22:31:23 [main] INFO  quickfix.mina.NetworkingOptions - Socket option: SocketSynchronousWriteTimeout=30000
2024-12-14 22:31:23 [main] INFO  quickfix.mina.NetworkingOptions - Socket option: SocketTcpNoDelay=true
2024-12-14 22:31:23 [main] INFO  quickfix.mina.NetworkingOptions - Socket option: SocketSynchronousWrites=false
2024-12-14 22:31:23 [main] INFO  quickfix.mina.NetworkingOptions - Socket option: SocketSynchronousWriteTimeout=30000
2024-12-14 22:31:23 [main] INFO  quickfix.SocketInitiator - SessionTimer started
2024-12-14 22:31:23 [QFJ Message Processor] INFO  quickfix.SocketInitiator - Started QFJ Message Processor
2024-12-14 22:41:29 [main] INFO  quickfix.DefaultSessionSchedule - [FIX.4.4:TRD82841->QFXTRADES] daily, 00:00:00-UTC - 00:00:00-UTC
2024-12-14 22:41:29 [main] INFO  quickfix.DefaultSessionSchedule - [FIX.4.4:PRC82841->QFXPRICES] daily, 00:00:00-UTC - 00:00:00-UTC
2024-12-14 22:41:29 [main] INFO  quickfix.mina.NetworkingOptions - Socket option: SocketTcpNoDelay=true
2024-12-14 22:41:29 [main] INFO  quickfix.mina.NetworkingOptions - Socket option: SocketSynchronousWrites=false
2024-12-14 22:41:29 [main] INFO  quickfix.mina.NetworkingOptions - Socket option: SocketSynchronousWriteTimeout=30000
2024-12-14 22:41:29 [main] INFO  quickfix.mina.NetworkingOptions - Socket option: SocketTcpNoDelay=true
2024-12-14 22:41:29 [main] INFO  quickfix.mina.NetworkingOptions - Socket option: SocketSynchronousWrites=false
2024-12-14 22:41:29 [main] INFO  quickfix.mina.NetworkingOptions - Socket option: SocketSynchronousWriteTimeout=30000
2024-12-14 22:41:29 [main] INFO  quickfix.SocketInitiator - SessionTimer started
2024-12-14 22:41:29 [QFJ Message Processor] INFO  quickfix.SocketInitiator - Started QFJ Message Processor
2024-12-14 22:51:56 [main] INFO  quickfix.DefaultSessionSchedule - [FIX.4.4:TRD82841->QFXTRADES] daily, 00:00:00-UTC - 00:00:00-UTC
2024-12-14 22:51:56 [main] INFO  quickfix.DefaultSessionSchedule - [FIX.4.4:PRC82841->QFXPRICES] daily, 00:00:00-UTC - 00:00:00-UTC
2024-12-14 22:51:56 [main] INFO  quickfix.mina.NetworkingOptions - Socket option: SocketTcpNoDelay=true
2024-12-14 22:51:56 [main] INFO  quickfix.mina.NetworkingOptions - Socket option: SocketSynchronousWrites=false
2024-12-14 22:51:56 [main] INFO  quickfix.mina.NetworkingOptions - Socket option: SocketSynchronousWriteTimeout=30000
2024-12-14 22:51:56 [main] INFO  quickfix.mina.NetworkingOptions - Socket option: SocketTcpNoDelay=true
2024-12-14 22:51:56 [main] INFO  quickfix.mina.NetworkingOptions - Socket option: SocketSynchronousWrites=false
2024-12-14 22:51:56 [main] INFO  quickfix.mina.NetworkingOptions - Socket option: SocketSynchronousWriteTimeout=30000
2024-12-14 22:51:56 [main] INFO  quickfix.SocketInitiator - SessionTimer started
2024-12-14 22:51:56 [QFJ Message Processor] INFO  quickfix.SocketInitiator - Started QFJ Message Processor
2024-12-14 22:56:02 [main] INFO  quickfix.DefaultSessionSchedule - [FIX.4.4:TRD82841->QFXTRADES] daily, 00:00:00-UTC - 00:00:00-UTC
2024-12-14 22:56:02 [main] INFO  quickfix.DefaultSessionSchedule - [FIX.4.4:PRC82841->QFXPRICES] daily, 00:00:00-UTC - 00:00:00-UTC
2024-12-14 22:56:02 [main] INFO  quickfix.mina.NetworkingOptions - Socket option: SocketTcpNoDelay=true
2024-12-14 22:56:02 [main] INFO  quickfix.mina.NetworkingOptions - Socket option: SocketSynchronousWrites=false
2024-12-14 22:56:02 [main] INFO  quickfix.mina.NetworkingOptions - Socket option: SocketSynchronousWriteTimeout=30000
2024-12-14 22:56:03 [main] INFO  quickfix.mina.NetworkingOptions - Socket option: SocketTcpNoDelay=true
2024-12-14 22:56:03 [main] INFO  quickfix.mina.NetworkingOptions - Socket option: SocketSynchronousWrites=false
2024-12-14 22:56:03 [main] INFO  quickfix.mina.NetworkingOptions - Socket option: SocketSynchronousWriteTimeout=30000
2024-12-14 22:56:03 [main] INFO  quickfix.SocketInitiator - SessionTimer started
2024-12-14 22:56:03 [QFJ Message Processor] INFO  quickfix.SocketInitiator - Started QFJ Message Processor
2024-12-14 22:57:59 [main] INFO  quickfix.DefaultSessionSchedule - [FIX.4.4:TRD82841->QFXTRADES] daily, 00:00:00-UTC - 00:00:00-UTC
2024-12-14 22:57:59 [main] INFO  quickfix.DefaultSessionSchedule - [FIX.4.4:PRC82841->QFXPRICES] daily, 00:00:00-UTC - 00:00:00-UTC
2024-12-14 22:57:59 [main] INFO  quickfix.mina.NetworkingOptions - Socket option: SocketTcpNoDelay=true
2024-12-14 22:57:59 [main] INFO  quickfix.mina.NetworkingOptions - Socket option: SocketSynchronousWrites=false
2024-12-14 22:57:59 [main] INFO  quickfix.mina.NetworkingOptions - Socket option: SocketSynchronousWriteTimeout=30000
2024-12-14 22:57:59 [main] INFO  quickfix.mina.NetworkingOptions - Socket option: SocketTcpNoDelay=true
2024-12-14 22:57:59 [main] INFO  quickfix.mina.NetworkingOptions - Socket option: SocketSynchronousWrites=false
2024-12-14 22:57:59 [main] INFO  quickfix.mina.NetworkingOptions - Socket option: SocketSynchronousWriteTimeout=30000
2024-12-14 22:57:59 [main] INFO  quickfix.SocketInitiator - SessionTimer started
2024-12-14 22:57:59 [QFJ Message Processor] INFO  quickfix.SocketInitiator - Started QFJ Message Processor
2024-12-14 23:00:23 [main] INFO  quickfix.DefaultSessionSchedule - [FIX.4.4:TRD82841->QFXTRADES] daily, 00:00:00-UTC - 00:00:00-UTC
2024-12-14 23:00:23 [main] INFO  quickfix.DefaultSessionSchedule - [FIX.4.4:PRC82841->QFXPRICES] daily, 00:00:00-UTC - 00:00:00-UTC
2024-12-14 23:00:23 [main] INFO  quickfix.mina.NetworkingOptions - Socket option: SocketTcpNoDelay=true
2024-12-14 23:00:23 [main] INFO  quickfix.mina.NetworkingOptions - Socket option: SocketSynchronousWrites=false
2024-12-14 23:00:23 [main] INFO  quickfix.mina.NetworkingOptions - Socket option: SocketSynchronousWriteTimeout=30000
2024-12-14 23:00:24 [main] INFO  quickfix.mina.NetworkingOptions - Socket option: SocketTcpNoDelay=true
2024-12-14 23:00:24 [main] INFO  quickfix.mina.NetworkingOptions - Socket option: SocketSynchronousWrites=false
2024-12-14 23:00:24 [main] INFO  quickfix.mina.NetworkingOptions - Socket option: SocketSynchronousWriteTimeout=30000
2024-12-14 23:00:24 [main] INFO  quickfix.SocketInitiator - SessionTimer started
2024-12-14 23:00:24 [QFJ Message Processor] INFO  quickfix.SocketInitiator - Started QFJ Message Processor
2024-12-14 23:14:06 [main] INFO  quickfix.DefaultSessionSchedule - [FIX.4.4:TRD82841->QFXTRADES] daily, 00:00:00-UTC - 00:00:00-UTC
2024-12-14 23:14:06 [main] INFO  quickfix.DefaultSessionSchedule - [FIX.4.4:PRC82841->QFXPRICES] daily, 00:00:00-UTC - 00:00:00-UTC
2024-12-14 23:14:06 [main] INFO  quickfix.mina.NetworkingOptions - Socket option: SocketTcpNoDelay=true
2024-12-14 23:14:07 [main] INFO  quickfix.mina.NetworkingOptions - Socket option: SocketSynchronousWrites=false
2024-12-14 23:14:07 [main] INFO  quickfix.mina.NetworkingOptions - Socket option: SocketSynchronousWriteTimeout=30000
2024-12-14 23:14:07 [main] INFO  quickfix.mina.NetworkingOptions - Socket option: SocketTcpNoDelay=true
2024-12-14 23:14:07 [main] INFO  quickfix.mina.NetworkingOptions - Socket option: SocketSynchronousWrites=false
2024-12-14 23:14:07 [main] INFO  quickfix.mina.NetworkingOptions - Socket option: SocketSynchronousWriteTimeout=30000
2024-12-14 23:14:07 [main] INFO  quickfix.SocketInitiator - SessionTimer started
2024-12-14 23:14:07 [QFJ Message Processor] INFO  quickfix.SocketInitiator - Started QFJ Message Processor
2024-12-14 23:15:04 [main] INFO  quickfix.DefaultSessionSchedule - [FIX.4.4:TRD82841->QFXTRADES] daily, 00:00:00-UTC - 00:00:00-UTC
2024-12-14 23:15:04 [main] INFO  quickfix.DefaultSessionSchedule - [FIX.4.4:PRC82841->QFXPRICES] daily, 00:00:00-UTC - 00:00:00-UTC
2024-12-14 23:15:05 [main] INFO  quickfix.mina.NetworkingOptions - Socket option: SocketTcpNoDelay=true
2024-12-14 23:15:05 [main] INFO  quickfix.mina.NetworkingOptions - Socket option: SocketSynchronousWrites=false
2024-12-14 23:15:05 [main] INFO  quickfix.mina.NetworkingOptions - Socket option: SocketSynchronousWriteTimeout=30000
2024-12-14 23:15:05 [main] INFO  quickfix.mina.NetworkingOptions - Socket option: SocketTcpNoDelay=true
2024-12-14 23:15:05 [main] INFO  quickfix.mina.NetworkingOptions - Socket option: SocketSynchronousWrites=false
2024-12-14 23:15:05 [main] INFO  quickfix.mina.NetworkingOptions - Socket option: SocketSynchronousWriteTimeout=30000
2024-12-14 23:15:05 [main] INFO  quickfix.SocketInitiator - SessionTimer started
2024-12-14 23:15:05 [QFJ Message Processor] INFO  quickfix.SocketInitiator - Started QFJ Message Processor
2024-12-14 23:26:21 [main] INFO  quickfix.DefaultSessionSchedule - [FIX.4.4:TRD82841->QFXTRADES] daily, 00:00:00-UTC - 00:00:00-UTC
2024-12-14 23:26:22 [main] INFO  quickfix.DefaultSessionSchedule - [FIX.4.4:PRC82841->QFXPRICES] daily, 00:00:00-UTC - 00:00:00-UTC
2024-12-14 23:26:22 [main] INFO  quickfix.mina.NetworkingOptions - Socket option: SocketTcpNoDelay=true
2024-12-14 23:26:22 [main] INFO  quickfix.mina.NetworkingOptions - Socket option: SocketSynchronousWrites=false
2024-12-14 23:26:22 [main] INFO  quickfix.mina.NetworkingOptions - Socket option: SocketSynchronousWriteTimeout=30000
2024-12-14 23:26:22 [main] INFO  quickfix.mina.NetworkingOptions - Socket option: SocketTcpNoDelay=true
2024-12-14 23:26:22 [main] INFO  quickfix.mina.NetworkingOptions - Socket option: SocketSynchronousWrites=false
2024-12-14 23:26:22 [main] INFO  quickfix.mina.NetworkingOptions - Socket option: SocketSynchronousWriteTimeout=30000
2024-12-14 23:26:22 [main] INFO  quickfix.SocketInitiator - SessionTimer started
2024-12-14 23:26:22 [QFJ Message Processor] INFO  quickfix.SocketInitiator - Started QFJ Message Processor
2024-12-14 23:32:22 [main] INFO  quickfix.DefaultSessionSchedule - [FIX.4.4:TRD82841->QFXTRADES] daily, 00:00:00-UTC - 00:00:00-UTC
2024-12-14 23:32:22 [main] INFO  quickfix.DefaultSessionSchedule - [FIX.4.4:PRC82841->QFXPRICES] daily, 00:00:00-UTC - 00:00:00-UTC
2024-12-14 23:32:22 [main] INFO  quickfix.mina.NetworkingOptions - Socket option: SocketTcpNoDelay=true
2024-12-14 23:32:22 [main] INFO  quickfix.mina.NetworkingOptions - Socket option: SocketSynchronousWrites=false
2024-12-14 23:32:22 [main] INFO  quickfix.mina.NetworkingOptions - Socket option: SocketSynchronousWriteTimeout=30000
2024-12-14 23:32:23 [main] INFO  quickfix.mina.NetworkingOptions - Socket option: SocketTcpNoDelay=true
2024-12-14 23:32:23 [main] INFO  quickfix.mina.NetworkingOptions - Socket option: SocketSynchronousWrites=false
2024-12-14 23:32:23 [main] INFO  quickfix.mina.NetworkingOptions - Socket option: SocketSynchronousWriteTimeout=30000
2024-12-14 23:32:23 [main] INFO  quickfix.SocketInitiator - SessionTimer started
2024-12-14 23:32:23 [QFJ Message Processor] INFO  quickfix.SocketInitiator - Started QFJ Message Processor
2024-12-14 23:35:02 [main] INFO  quickfix.DefaultSessionSchedule - [FIX.4.4:TRD82841->QFXTRADES] daily, 00:00:00-UTC - 00:00:00-UTC
2024-12-14 23:35:02 [main] INFO  quickfix.DefaultSessionSchedule - [FIX.4.4:PRC82841->QFXPRICES] daily, 00:00:00-UTC - 00:00:00-UTC
2024-12-14 23:35:02 [main] INFO  quickfix.mina.NetworkingOptions - Socket option: SocketTcpNoDelay=true
2024-12-14 23:35:02 [main] INFO  quickfix.mina.NetworkingOptions - Socket option: SocketSynchronousWrites=false
2024-12-14 23:35:02 [main] INFO  quickfix.mina.NetworkingOptions - Socket option: SocketSynchronousWriteTimeout=30000
2024-12-14 23:35:02 [main] INFO  quickfix.mina.NetworkingOptions - Socket option: SocketTcpNoDelay=true
2024-12-14 23:35:02 [main] INFO  quickfix.mina.NetworkingOptions - Socket option: SocketSynchronousWrites=false
2024-12-14 23:35:02 [main] INFO  quickfix.mina.NetworkingOptions - Socket option: SocketSynchronousWriteTimeout=30000
2024-12-14 23:35:03 [main] INFO  quickfix.SocketInitiator - SessionTimer started
2024-12-14 23:35:03 [QFJ Message Processor] INFO  quickfix.SocketInitiator - Started QFJ Message Processor
2024-12-14 23:37:03 [main] INFO  quickfix.DefaultSessionSchedule - [FIX.4.4:TRD82841->QFXTRADES] daily, 00:00:00-UTC - 00:00:00-UTC
2024-12-14 23:37:03 [main] INFO  quickfix.DefaultSessionSchedule - [FIX.4.4:PRC82841->QFXPRICES] daily, 00:00:00-UTC - 00:00:00-UTC
2024-12-14 23:37:03 [main] INFO  quickfix.mina.NetworkingOptions - Socket option: SocketTcpNoDelay=true
2024-12-14 23:37:03 [main] INFO  quickfix.mina.NetworkingOptions - Socket option: SocketSynchronousWrites=false
2024-12-14 23:37:03 [main] INFO  quickfix.mina.NetworkingOptions - Socket option: SocketSynchronousWriteTimeout=30000
2024-12-14 23:37:03 [main] INFO  quickfix.mina.NetworkingOptions - Socket option: SocketTcpNoDelay=true
2024-12-14 23:37:03 [main] INFO  quickfix.mina.NetworkingOptions - Socket option: SocketSynchronousWrites=false
2024-12-14 23:37:03 [main] INFO  quickfix.mina.NetworkingOptions - Socket option: SocketSynchronousWriteTimeout=30000
2024-12-14 23:37:03 [main] INFO  quickfix.SocketInitiator - SessionTimer started
2024-12-14 23:37:03 [QFJ Message Processor] INFO  quickfix.SocketInitiator - Started QFJ Message Processor
2024-12-14 23:44:02 [main] INFO  quickfix.DefaultSessionSchedule - [FIX.4.4:TRD82841->QFXTRADES] daily, 00:00:00-UTC - 00:00:00-UTC
2024-12-14 23:44:02 [main] INFO  quickfix.DefaultSessionSchedule - [FIX.4.4:PRC82841->QFXPRICES] daily, 00:00:00-UTC - 00:00:00-UTC
2024-12-14 23:44:02 [main] INFO  quickfix.mina.NetworkingOptions - Socket option: SocketTcpNoDelay=true
2024-12-14 23:44:02 [main] INFO  quickfix.mina.NetworkingOptions - Socket option: SocketSynchronousWrites=false
2024-12-14 23:44:02 [main] INFO  quickfix.mina.NetworkingOptions - Socket option: SocketSynchronousWriteTimeout=30000
2024-12-14 23:44:03 [main] INFO  quickfix.mina.NetworkingOptions - Socket option: SocketTcpNoDelay=true
2024-12-14 23:44:03 [main] INFO  quickfix.mina.NetworkingOptions - Socket option: SocketSynchronousWrites=false
2024-12-14 23:44:03 [main] INFO  quickfix.mina.NetworkingOptions - Socket option: SocketSynchronousWriteTimeout=30000
2024-12-14 23:44:03 [main] INFO  quickfix.SocketInitiator - SessionTimer started
2024-12-14 23:44:03 [QFJ Message Processor] INFO  quickfix.SocketInitiator - Started QFJ Message Processor
2024-12-14 23:45:42 [main] INFO  quickfix.DefaultSessionSchedule - [FIX.4.4:TRD82841->QFXTRADES] daily, 00:00:00-UTC - 00:00:00-UTC
2024-12-14 23:45:42 [main] INFO  quickfix.DefaultSessionSchedule - [FIX.4.4:PRC82841->QFXPRICES] daily, 00:00:00-UTC - 00:00:00-UTC
2024-12-14 23:45:42 [main] INFO  quickfix.mina.NetworkingOptions - Socket option: SocketTcpNoDelay=true
2024-12-14 23:45:42 [main] INFO  quickfix.mina.NetworkingOptions - Socket option: SocketSynchronousWrites=false
2024-12-14 23:45:42 [main] INFO  quickfix.mina.NetworkingOptions - Socket option: SocketSynchronousWriteTimeout=30000
2024-12-14 23:45:42 [main] INFO  quickfix.mina.NetworkingOptions - Socket option: SocketTcpNoDelay=true
2024-12-14 23:45:42 [main] INFO  quickfix.mina.NetworkingOptions - Socket option: SocketSynchronousWrites=false
2024-12-14 23:45:42 [main] INFO  quickfix.mina.NetworkingOptions - Socket option: SocketSynchronousWriteTimeout=30000
2024-12-14 23:45:42 [main] INFO  quickfix.SocketInitiator - SessionTimer started
2024-12-14 23:45:42 [QFJ Message Processor] INFO  quickfix.SocketInitiator - Started QFJ Message Processor
