2025-01-18 13:40:28 [nioEventLoopGroup-3-3] INFO  com.zaxxer.hikari.HikariDataSource - HikariPool-1 - Starting...
2025-01-18 13:40:29 [nioEventLoopGroup-3-3] INFO  com.zaxxer.hikari.pool.HikariPool - HikariPool-1 - Added connection org.sqlite.jdbc4.JDBC4Connection@42f3b867
2025-01-18 13:40:29 [nioEventLoopGroup-3-3] INFO  com.zaxxer.hikari.HikariDataSource - HikariPool-1 - Start completed.
2025-01-18 13:53:54 [main] INFO  quickfix.DefaultSessionSchedule - [FIX.4.4:TRD82841->QFXTRADES] daily, 00:00:00-UTC - 00:00:00-UTC
2025-01-18 13:53:54 [main] INFO  quickfix.DefaultSessionSchedule - [FIX.4.4:PRC82841->QFXPRICES] daily, 00:00:00-UTC - 00:00:00-UTC
2025-01-18 13:53:54 [main] INFO  quickfix.mina.NetworkingOptions - Socket option: SocketTcpNoDelay=true
2025-01-18 13:53:54 [main] INFO  quickfix.mina.NetworkingOptions - Socket option: SocketSynchronousWrites=false
2025-01-18 13:53:54 [main] INFO  quickfix.mina.NetworkingOptions - Socket option: SocketSynchronousWriteTimeout=30000
2025-01-18 13:53:54 [main] INFO  quickfix.mina.NetworkingOptions - Socket option: SocketTcpNoDelay=true
2025-01-18 13:53:54 [main] INFO  quickfix.mina.NetworkingOptions - Socket option: SocketSynchronousWrites=false
2025-01-18 13:53:54 [main] INFO  quickfix.mina.NetworkingOptions - Socket option: SocketSynchronousWriteTimeout=30000
2025-01-18 13:53:54 [main] INFO  quickfix.SocketInitiator - SessionTimer started
2025-01-18 13:53:54 [QFJ Message Processor] INFO  quickfix.SocketInitiator - Started QFJ Message Processor
2025-01-18 13:55:06 [nioEventLoopGroup-3-1] INFO  com.zaxxer.hikari.HikariDataSource - HikariPool-1 - Starting...
2025-01-18 13:55:06 [nioEventLoopGroup-3-1] INFO  com.zaxxer.hikari.pool.HikariPool - HikariPool-1 - Added connection org.sqlite.jdbc4.JDBC4Connection@2f44c8b5
2025-01-18 13:55:06 [nioEventLoopGroup-3-1] INFO  com.zaxxer.hikari.HikariDataSource - HikariPool-1 - Start completed.
2025-01-18 14:12:45 [main] INFO  quickfix.DefaultSessionSchedule - [FIX.4.4:TRD82841->QFXTRADES] daily, 00:00:00-UTC - 00:00:00-UTC
2025-01-18 14:12:45 [main] INFO  quickfix.DefaultSessionSchedule - [FIX.4.4:PRC82841->QFXPRICES] daily, 00:00:00-UTC - 00:00:00-UTC
2025-01-18 14:12:45 [main] INFO  quickfix.mina.NetworkingOptions - Socket option: SocketTcpNoDelay=true
2025-01-18 14:12:45 [main] INFO  quickfix.mina.NetworkingOptions - Socket option: SocketSynchronousWrites=false
2025-01-18 14:12:45 [main] INFO  quickfix.mina.NetworkingOptions - Socket option: SocketSynchronousWriteTimeout=30000
2025-01-18 14:12:46 [main] INFO  quickfix.mina.NetworkingOptions - Socket option: SocketTcpNoDelay=true
2025-01-18 14:12:46 [main] INFO  quickfix.mina.NetworkingOptions - Socket option: SocketSynchronousWrites=false
2025-01-18 14:12:46 [main] INFO  quickfix.mina.NetworkingOptions - Socket option: SocketSynchronousWriteTimeout=30000
2025-01-18 14:12:46 [main] INFO  quickfix.SocketInitiator - SessionTimer started
2025-01-18 14:12:46 [QFJ Message Processor] INFO  quickfix.SocketInitiator - Started QFJ Message Processor
2025-01-18 14:15:28 [nioEventLoopGroup-3-1] INFO  com.zaxxer.hikari.HikariDataSource - HikariPool-1 - Starting...
2025-01-18 14:15:28 [nioEventLoopGroup-3-1] INFO  com.zaxxer.hikari.pool.HikariPool - HikariPool-1 - Added connection org.sqlite.jdbc4.JDBC4Connection@60f9f9e6
2025-01-18 14:15:28 [nioEventLoopGroup-3-1] INFO  com.zaxxer.hikari.HikariDataSource - HikariPool-1 - Start completed.
2025-01-18 14:17:55 [main] INFO  quickfix.DefaultSessionSchedule - [FIX.4.4:TRD82841->QFXTRADES] daily, 00:00:00-UTC - 00:00:00-UTC
2025-01-18 14:17:55 [main] INFO  quickfix.DefaultSessionSchedule - [FIX.4.4:PRC82841->QFXPRICES] daily, 00:00:00-UTC - 00:00:00-UTC
2025-01-18 14:17:55 [main] INFO  quickfix.mina.NetworkingOptions - Socket option: SocketTcpNoDelay=true
2025-01-18 14:17:55 [main] INFO  quickfix.mina.NetworkingOptions - Socket option: SocketSynchronousWrites=false
2025-01-18 14:17:55 [main] INFO  quickfix.mina.NetworkingOptions - Socket option: SocketSynchronousWriteTimeout=30000
2025-01-18 14:17:55 [main] INFO  quickfix.mina.NetworkingOptions - Socket option: SocketTcpNoDelay=true
2025-01-18 14:17:55 [main] INFO  quickfix.mina.NetworkingOptions - Socket option: SocketSynchronousWrites=false
2025-01-18 14:17:55 [main] INFO  quickfix.mina.NetworkingOptions - Socket option: SocketSynchronousWriteTimeout=30000
2025-01-18 14:17:55 [main] INFO  quickfix.SocketInitiator - SessionTimer started
2025-01-18 14:17:55 [QFJ Message Processor] INFO  quickfix.SocketInitiator - Started QFJ Message Processor
2025-01-18 14:19:17 [nioEventLoopGroup-3-1] INFO  com.zaxxer.hikari.HikariDataSource - HikariPool-1 - Starting...
2025-01-18 14:19:17 [nioEventLoopGroup-3-1] INFO  com.zaxxer.hikari.pool.HikariPool - HikariPool-1 - Added connection org.sqlite.jdbc4.JDBC4Connection@37336edc
2025-01-18 14:19:17 [nioEventLoopGroup-3-1] INFO  com.zaxxer.hikari.HikariDataSource - HikariPool-1 - Start completed.
2025-01-18 14:28:24 [main] INFO  quickfix.DefaultSessionSchedule - [FIX.4.4:TRD82841->QFXTRADES] daily, 00:00:00-UTC - 00:00:00-UTC
2025-01-18 14:28:24 [main] INFO  quickfix.DefaultSessionSchedule - [FIX.4.4:PRC82841->QFXPRICES] daily, 00:00:00-UTC - 00:00:00-UTC
2025-01-18 14:28:24 [main] INFO  quickfix.mina.NetworkingOptions - Socket option: SocketTcpNoDelay=true
2025-01-18 14:28:24 [main] INFO  quickfix.mina.NetworkingOptions - Socket option: SocketSynchronousWrites=false
2025-01-18 14:28:24 [main] INFO  quickfix.mina.NetworkingOptions - Socket option: SocketSynchronousWriteTimeout=30000
2025-01-18 14:28:25 [main] INFO  quickfix.mina.NetworkingOptions - Socket option: SocketTcpNoDelay=true
2025-01-18 14:28:25 [main] INFO  quickfix.mina.NetworkingOptions - Socket option: SocketSynchronousWrites=false
2025-01-18 14:28:25 [main] INFO  quickfix.mina.NetworkingOptions - Socket option: SocketSynchronousWriteTimeout=30000
2025-01-18 14:28:25 [main] INFO  quickfix.SocketInitiator - SessionTimer started
2025-01-18 14:28:25 [QFJ Message Processor] INFO  quickfix.SocketInitiator - Started QFJ Message Processor
2025-01-18 14:29:22 [nioEventLoopGroup-3-1] INFO  com.zaxxer.hikari.HikariDataSource - HikariPool-1 - Starting...
2025-01-18 14:29:23 [nioEventLoopGroup-3-1] INFO  com.zaxxer.hikari.pool.HikariPool - HikariPool-1 - Added connection org.sqlite.jdbc4.JDBC4Connection@29daac2c
2025-01-18 14:29:23 [nioEventLoopGroup-3-1] INFO  com.zaxxer.hikari.HikariDataSource - HikariPool-1 - Start completed.
2025-01-18 14:38:09 [main] INFO  quickfix.DefaultSessionSchedule - [FIX.4.4:TRD82841->QFXTRADES] daily, 00:00:00-UTC - 00:00:00-UTC
2025-01-18 14:38:09 [main] INFO  quickfix.DefaultSessionSchedule - [FIX.4.4:PRC82841->QFXPRICES] daily, 00:00:00-UTC - 00:00:00-UTC
2025-01-18 14:38:09 [main] INFO  quickfix.mina.NetworkingOptions - Socket option: SocketTcpNoDelay=true
2025-01-18 14:38:09 [main] INFO  quickfix.mina.NetworkingOptions - Socket option: SocketSynchronousWrites=false
2025-01-18 14:38:09 [main] INFO  quickfix.mina.NetworkingOptions - Socket option: SocketSynchronousWriteTimeout=30000
2025-01-18 14:38:10 [main] INFO  quickfix.mina.NetworkingOptions - Socket option: SocketTcpNoDelay=true
2025-01-18 14:38:10 [main] INFO  quickfix.mina.NetworkingOptions - Socket option: SocketSynchronousWrites=false
2025-01-18 14:38:10 [main] INFO  quickfix.mina.NetworkingOptions - Socket option: SocketSynchronousWriteTimeout=30000
2025-01-18 14:38:10 [main] INFO  quickfix.SocketInitiator - SessionTimer started
2025-01-18 14:38:10 [QFJ Message Processor] INFO  quickfix.SocketInitiator - Started QFJ Message Processor
2025-01-18 14:39:55 [nioEventLoopGroup-3-1] INFO  com.zaxxer.hikari.HikariDataSource - HikariPool-1 - Starting...
2025-01-18 14:39:56 [nioEventLoopGroup-3-1] INFO  com.zaxxer.hikari.pool.HikariPool - HikariPool-1 - Added connection org.sqlite.jdbc4.JDBC4Connection@29daac2c
2025-01-18 14:39:56 [nioEventLoopGroup-3-1] INFO  com.zaxxer.hikari.HikariDataSource - HikariPool-1 - Start completed.
2025-01-18 14:59:21 [main] INFO  quickfix.DefaultSessionSchedule - [FIX.4.4:TRD82841->QFXTRADES] daily, 00:00:00-UTC - 00:00:00-UTC
2025-01-18 14:59:21 [main] INFO  quickfix.DefaultSessionSchedule - [FIX.4.4:PRC82841->QFXPRICES] daily, 00:00:00-UTC - 00:00:00-UTC
2025-01-18 14:59:21 [main] INFO  quickfix.mina.NetworkingOptions - Socket option: SocketTcpNoDelay=true
2025-01-18 14:59:21 [main] INFO  quickfix.mina.NetworkingOptions - Socket option: SocketSynchronousWrites=false
2025-01-18 14:59:21 [main] INFO  quickfix.mina.NetworkingOptions - Socket option: SocketSynchronousWriteTimeout=30000
2025-01-18 14:59:21 [main] INFO  quickfix.mina.NetworkingOptions - Socket option: SocketTcpNoDelay=true
2025-01-18 14:59:21 [main] INFO  quickfix.mina.NetworkingOptions - Socket option: SocketSynchronousWrites=false
2025-01-18 14:59:21 [main] INFO  quickfix.mina.NetworkingOptions - Socket option: SocketSynchronousWriteTimeout=30000
2025-01-18 14:59:21 [main] INFO  quickfix.SocketInitiator - SessionTimer started
2025-01-18 14:59:21 [QFJ Message Processor] INFO  quickfix.SocketInitiator - Started QFJ Message Processor
2025-01-18 15:00:12 [nioEventLoopGroup-3-1] INFO  com.zaxxer.hikari.HikariDataSource - HikariPool-1 - Starting...
2025-01-18 15:00:13 [nioEventLoopGroup-3-1] INFO  com.zaxxer.hikari.pool.HikariPool - HikariPool-1 - Added connection org.sqlite.jdbc4.JDBC4Connection@25d49ff0
2025-01-18 15:00:13 [nioEventLoopGroup-3-1] INFO  com.zaxxer.hikari.HikariDataSource - HikariPool-1 - Start completed.
2025-01-18 15:17:56 [main] INFO  quickfix.DefaultSessionSchedule - [FIX.4.4:TRD82841->QFXTRADES] daily, 00:00:00-UTC - 00:00:00-UTC
2025-01-18 15:17:56 [main] INFO  quickfix.DefaultSessionSchedule - [FIX.4.4:PRC82841->QFXPRICES] daily, 00:00:00-UTC - 00:00:00-UTC
2025-01-18 15:17:56 [main] INFO  quickfix.mina.NetworkingOptions - Socket option: SocketTcpNoDelay=true
2025-01-18 15:17:56 [main] INFO  quickfix.mina.NetworkingOptions - Socket option: SocketSynchronousWrites=false
2025-01-18 15:17:56 [main] INFO  quickfix.mina.NetworkingOptions - Socket option: SocketSynchronousWriteTimeout=30000
2025-01-18 15:17:57 [main] INFO  quickfix.mina.NetworkingOptions - Socket option: SocketTcpNoDelay=true
2025-01-18 15:17:57 [main] INFO  quickfix.mina.NetworkingOptions - Socket option: SocketSynchronousWrites=false
2025-01-18 15:17:57 [main] INFO  quickfix.mina.NetworkingOptions - Socket option: SocketSynchronousWriteTimeout=30000
2025-01-18 15:17:57 [main] INFO  quickfix.SocketInitiator - SessionTimer started
2025-01-18 15:17:57 [QFJ Message Processor] INFO  quickfix.SocketInitiator - Started QFJ Message Processor
2025-01-18 15:23:43 [nioEventLoopGroup-3-2] INFO  com.zaxxer.hikari.HikariDataSource - HikariPool-1 - Starting...
2025-01-18 15:23:43 [nioEventLoopGroup-3-2] INFO  com.zaxxer.hikari.pool.HikariPool - HikariPool-1 - Added connection org.sqlite.jdbc4.JDBC4Connection@6be8d947
2025-01-18 15:23:43 [nioEventLoopGroup-3-2] INFO  com.zaxxer.hikari.HikariDataSource - HikariPool-1 - Start completed.
2025-01-18 15:34:08 [main] INFO  quickfix.DefaultSessionSchedule - [FIX.4.4:TRD82841->QFXTRADES] daily, 00:00:00-UTC - 00:00:00-UTC
2025-01-18 15:34:08 [main] INFO  quickfix.DefaultSessionSchedule - [FIX.4.4:PRC82841->QFXPRICES] daily, 00:00:00-UTC - 00:00:00-UTC
2025-01-18 15:34:08 [main] INFO  quickfix.mina.NetworkingOptions - Socket option: SocketTcpNoDelay=true
2025-01-18 15:34:08 [main] INFO  quickfix.mina.NetworkingOptions - Socket option: SocketSynchronousWrites=false
2025-01-18 15:34:08 [main] INFO  quickfix.mina.NetworkingOptions - Socket option: SocketSynchronousWriteTimeout=30000
2025-01-18 15:34:08 [main] INFO  quickfix.mina.NetworkingOptions - Socket option: SocketTcpNoDelay=true
2025-01-18 15:34:08 [main] INFO  quickfix.mina.NetworkingOptions - Socket option: SocketSynchronousWrites=false
2025-01-18 15:34:08 [main] INFO  quickfix.mina.NetworkingOptions - Socket option: SocketSynchronousWriteTimeout=30000
2025-01-18 15:34:08 [main] INFO  quickfix.SocketInitiator - SessionTimer started
2025-01-18 15:34:08 [QFJ Message Processor] INFO  quickfix.SocketInitiator - Started QFJ Message Processor
2025-01-18 16:02:16 [main] INFO  quickfix.DefaultSessionSchedule - [FIX.4.4:TRD82841->QFXTRADES] daily, 00:00:00-UTC - 00:00:00-UTC
2025-01-18 16:02:16 [main] INFO  quickfix.DefaultSessionSchedule - [FIX.4.4:PRC82841->QFXPRICES] daily, 00:00:00-UTC - 00:00:00-UTC
2025-01-18 16:02:16 [main] INFO  quickfix.mina.NetworkingOptions - Socket option: SocketTcpNoDelay=true
2025-01-18 16:02:16 [main] INFO  quickfix.mina.NetworkingOptions - Socket option: SocketSynchronousWrites=false
2025-01-18 16:02:16 [main] INFO  quickfix.mina.NetworkingOptions - Socket option: SocketSynchronousWriteTimeout=30000
2025-01-18 16:02:17 [main] INFO  quickfix.mina.NetworkingOptions - Socket option: SocketTcpNoDelay=true
2025-01-18 16:02:17 [main] INFO  quickfix.mina.NetworkingOptions - Socket option: SocketSynchronousWrites=false
2025-01-18 16:02:17 [main] INFO  quickfix.mina.NetworkingOptions - Socket option: SocketSynchronousWriteTimeout=30000
2025-01-18 16:02:17 [main] INFO  quickfix.SocketInitiator - SessionTimer started
2025-01-18 16:02:17 [QFJ Message Processor] INFO  quickfix.SocketInitiator - Started QFJ Message Processor
2025-01-18 16:03:45 [nioEventLoopGroup-3-1] INFO  com.zaxxer.hikari.HikariDataSource - HikariPool-1 - Starting...
2025-01-18 16:03:46 [nioEventLoopGroup-3-1] INFO  com.zaxxer.hikari.pool.HikariPool - HikariPool-1 - Added connection org.sqlite.jdbc4.JDBC4Connection@629aa7e5
2025-01-18 16:03:46 [nioEventLoopGroup-3-1] INFO  com.zaxxer.hikari.HikariDataSource - HikariPool-1 - Start completed.
2025-01-18 16:04:48 [main] INFO  quickfix.DefaultSessionSchedule - [FIX.4.4:TRD82841->QFXTRADES] daily, 00:00:00-UTC - 00:00:00-UTC
2025-01-18 16:04:49 [main] INFO  quickfix.DefaultSessionSchedule - [FIX.4.4:PRC82841->QFXPRICES] daily, 00:00:00-UTC - 00:00:00-UTC
2025-01-18 16:04:49 [main] INFO  quickfix.mina.NetworkingOptions - Socket option: SocketTcpNoDelay=true
2025-01-18 16:04:49 [main] INFO  quickfix.mina.NetworkingOptions - Socket option: SocketSynchronousWrites=false
2025-01-18 16:04:49 [main] INFO  quickfix.mina.NetworkingOptions - Socket option: SocketSynchronousWriteTimeout=30000
2025-01-18 16:04:49 [main] INFO  quickfix.mina.NetworkingOptions - Socket option: SocketTcpNoDelay=true
2025-01-18 16:04:49 [main] INFO  quickfix.mina.NetworkingOptions - Socket option: SocketSynchronousWrites=false
2025-01-18 16:04:49 [main] INFO  quickfix.mina.NetworkingOptions - Socket option: SocketSynchronousWriteTimeout=30000
2025-01-18 16:04:49 [main] INFO  quickfix.SocketInitiator - SessionTimer started
2025-01-18 16:04:49 [QFJ Message Processor] INFO  quickfix.SocketInitiator - Started QFJ Message Processor
2025-01-18 16:05:17 [nioEventLoopGroup-3-1] INFO  com.zaxxer.hikari.HikariDataSource - HikariPool-1 - Starting...
2025-01-18 16:05:17 [nioEventLoopGroup-3-1] INFO  com.zaxxer.hikari.pool.HikariPool - HikariPool-1 - Added connection org.sqlite.jdbc4.JDBC4Connection@5d9c9794
2025-01-18 16:05:17 [nioEventLoopGroup-3-1] INFO  com.zaxxer.hikari.HikariDataSource - HikariPool-1 - Start completed.
2025-01-18 16:08:06 [main] INFO  quickfix.DefaultSessionSchedule - [FIX.4.4:TRD82841->QFXTRADES] daily, 00:00:00-UTC - 00:00:00-UTC
2025-01-18 16:08:06 [main] INFO  quickfix.DefaultSessionSchedule - [FIX.4.4:PRC82841->QFXPRICES] daily, 00:00:00-UTC - 00:00:00-UTC
2025-01-18 16:08:06 [main] INFO  quickfix.mina.NetworkingOptions - Socket option: SocketTcpNoDelay=true
2025-01-18 16:08:06 [main] INFO  quickfix.mina.NetworkingOptions - Socket option: SocketSynchronousWrites=false
2025-01-18 16:08:06 [main] INFO  quickfix.mina.NetworkingOptions - Socket option: SocketSynchronousWriteTimeout=30000
2025-01-18 16:08:07 [main] INFO  quickfix.mina.NetworkingOptions - Socket option: SocketTcpNoDelay=true
2025-01-18 16:08:07 [main] INFO  quickfix.mina.NetworkingOptions - Socket option: SocketSynchronousWrites=false
2025-01-18 16:08:07 [main] INFO  quickfix.mina.NetworkingOptions - Socket option: SocketSynchronousWriteTimeout=30000
2025-01-18 16:08:07 [main] INFO  quickfix.SocketInitiator - SessionTimer started
2025-01-18 16:08:07 [QFJ Message Processor] INFO  quickfix.SocketInitiator - Started QFJ Message Processor
2025-01-18 16:08:16 [nioEventLoopGroup-3-1] INFO  com.zaxxer.hikari.HikariDataSource - HikariPool-1 - Starting...
2025-01-18 16:08:16 [nioEventLoopGroup-3-1] INFO  com.zaxxer.hikari.pool.HikariPool - HikariPool-1 - Added connection org.sqlite.jdbc4.JDBC4Connection@45e8c22b
2025-01-18 16:08:16 [nioEventLoopGroup-3-1] INFO  com.zaxxer.hikari.HikariDataSource - HikariPool-1 - Start completed.
2025-01-18 21:14:22 [main] INFO  quickfix.DefaultSessionSchedule - [FIX.4.4:TRD82841->QFXTRADES] daily, 00:00:00-UTC - 00:00:00-UTC
2025-01-18 21:14:22 [main] INFO  quickfix.DefaultSessionSchedule - [FIX.4.4:PRC82841->QFXPRICES] daily, 00:00:00-UTC - 00:00:00-UTC
2025-01-18 21:14:22 [main] INFO  quickfix.mina.NetworkingOptions - Socket option: SocketTcpNoDelay=true
2025-01-18 21:14:22 [main] INFO  quickfix.mina.NetworkingOptions - Socket option: SocketSynchronousWrites=false
2025-01-18 21:14:22 [main] INFO  quickfix.mina.NetworkingOptions - Socket option: SocketSynchronousWriteTimeout=30000
2025-01-18 21:14:22 [main] INFO  quickfix.mina.NetworkingOptions - Socket option: SocketTcpNoDelay=true
2025-01-18 21:14:22 [main] INFO  quickfix.mina.NetworkingOptions - Socket option: SocketSynchronousWrites=false
2025-01-18 21:14:22 [main] INFO  quickfix.mina.NetworkingOptions - Socket option: SocketSynchronousWriteTimeout=30000
2025-01-18 21:14:22 [main] INFO  quickfix.SocketInitiator - SessionTimer started
2025-01-18 21:14:22 [QFJ Message Processor] INFO  quickfix.SocketInitiator - Started QFJ Message Processor
2025-01-18 21:15:29 [nioEventLoopGroup-3-1] INFO  com.zaxxer.hikari.HikariDataSource - HikariPool-1 - Starting...
2025-01-18 21:15:29 [nioEventLoopGroup-3-1] INFO  com.zaxxer.hikari.pool.HikariPool - HikariPool-1 - Added connection org.sqlite.jdbc4.JDBC4Connection@68ee93d9
2025-01-18 21:15:29 [nioEventLoopGroup-3-1] INFO  com.zaxxer.hikari.HikariDataSource - HikariPool-1 - Start completed.
2025-01-18 22:30:03 [main] INFO  quickfix.DefaultSessionSchedule - [FIX.4.4:TRD82841->QFXTRADES] daily, 00:00:00-UTC - 00:00:00-UTC
2025-01-18 22:30:03 [main] INFO  quickfix.DefaultSessionSchedule - [FIX.4.4:PRC82841->QFXPRICES] daily, 00:00:00-UTC - 00:00:00-UTC
2025-01-18 22:30:04 [main] INFO  quickfix.mina.NetworkingOptions - Socket option: SocketTcpNoDelay=true
2025-01-18 22:30:04 [main] INFO  quickfix.mina.NetworkingOptions - Socket option: SocketSynchronousWrites=false
2025-01-18 22:30:04 [main] INFO  quickfix.mina.NetworkingOptions - Socket option: SocketSynchronousWriteTimeout=30000
2025-01-18 22:30:04 [main] INFO  quickfix.mina.NetworkingOptions - Socket option: SocketTcpNoDelay=true
2025-01-18 22:30:04 [main] INFO  quickfix.mina.NetworkingOptions - Socket option: SocketSynchronousWrites=false
2025-01-18 22:30:04 [main] INFO  quickfix.mina.NetworkingOptions - Socket option: SocketSynchronousWriteTimeout=30000
2025-01-18 22:30:04 [main] INFO  quickfix.SocketInitiator - SessionTimer started
2025-01-18 22:30:04 [QFJ Message Processor] INFO  quickfix.SocketInitiator - Started QFJ Message Processor
2025-01-18 22:30:57 [nioEventLoopGroup-3-1] INFO  com.zaxxer.hikari.HikariDataSource - HikariPool-1 - Starting...
2025-01-18 22:30:57 [nioEventLoopGroup-3-1] INFO  com.zaxxer.hikari.pool.HikariPool - HikariPool-1 - Added connection org.sqlite.jdbc4.JDBC4Connection@25fa7b14
2025-01-18 22:30:57 [nioEventLoopGroup-3-1] INFO  com.zaxxer.hikari.HikariDataSource - HikariPool-1 - Start completed.
2025-01-18 22:43:37 [main] INFO  quickfix.DefaultSessionSchedule - [FIX.4.4:TRD82841->QFXTRADES] daily, 00:00:00-UTC - 00:00:00-UTC
2025-01-18 22:43:37 [main] INFO  quickfix.DefaultSessionSchedule - [FIX.4.4:PRC82841->QFXPRICES] daily, 00:00:00-UTC - 00:00:00-UTC
2025-01-18 22:43:37 [main] INFO  quickfix.mina.NetworkingOptions - Socket option: SocketTcpNoDelay=true
2025-01-18 22:43:37 [main] INFO  quickfix.mina.NetworkingOptions - Socket option: SocketSynchronousWrites=false
2025-01-18 22:43:37 [main] INFO  quickfix.mina.NetworkingOptions - Socket option: SocketSynchronousWriteTimeout=30000
2025-01-18 22:43:38 [main] INFO  quickfix.mina.NetworkingOptions - Socket option: SocketTcpNoDelay=true
2025-01-18 22:43:38 [main] INFO  quickfix.mina.NetworkingOptions - Socket option: SocketSynchronousWrites=false
2025-01-18 22:43:38 [main] INFO  quickfix.mina.NetworkingOptions - Socket option: SocketSynchronousWriteTimeout=30000
2025-01-18 22:43:38 [main] INFO  quickfix.SocketInitiator - SessionTimer started
2025-01-18 22:43:38 [QFJ Message Processor] INFO  quickfix.SocketInitiator - Started QFJ Message Processor
2025-01-18 22:44:02 [nioEventLoopGroup-3-1] INFO  com.zaxxer.hikari.HikariDataSource - HikariPool-1 - Starting...
2025-01-18 22:44:02 [nioEventLoopGroup-3-1] INFO  com.zaxxer.hikari.pool.HikariPool - HikariPool-1 - Added connection org.sqlite.jdbc4.JDBC4Connection@292bdc3a
2025-01-18 22:44:02 [nioEventLoopGroup-3-1] INFO  com.zaxxer.hikari.HikariDataSource - HikariPool-1 - Start completed.
2025-01-27 11:42:07 [main] INFO  quickfix.DefaultSessionSchedule - [FIX.4.4:TRD82841->QFXTRADES] daily, 00:00:00-UTC - 00:00:00-UTC
2025-01-27 11:42:07 [main] INFO  quickfix.DefaultSessionSchedule - [FIX.4.4:PRC82841->QFXPRICES] daily, 00:00:00-UTC - 00:00:00-UTC
2025-01-27 11:42:07 [main] INFO  quickfix.mina.NetworkingOptions - Socket option: SocketTcpNoDelay=true
2025-01-27 11:42:07 [main] INFO  quickfix.mina.NetworkingOptions - Socket option: SocketSynchronousWrites=false
2025-01-27 11:42:07 [main] INFO  quickfix.mina.NetworkingOptions - Socket option: SocketSynchronousWriteTimeout=30000
2025-01-27 11:42:07 [main] INFO  quickfix.mina.NetworkingOptions - Socket option: SocketTcpNoDelay=true
2025-01-27 11:42:07 [main] INFO  quickfix.mina.NetworkingOptions - Socket option: SocketSynchronousWrites=false
2025-01-27 11:42:07 [main] INFO  quickfix.mina.NetworkingOptions - Socket option: SocketSynchronousWriteTimeout=30000
2025-01-27 11:42:07 [main] INFO  quickfix.SocketInitiator - SessionTimer started
2025-01-27 11:42:07 [QFJ Message Processor] INFO  quickfix.SocketInitiator - Started QFJ Message Processor
