2024-12-08 18:11:34 [main] INFO  quickfix.DefaultSessionSchedule - [FIX.4.4:TRD82841->QFXTRADES] daily, 00:00:00-UTC - 00:00:00-UTC
2024-12-08 18:11:34 [main] INFO  quickfix.DefaultSessionSchedule - [FIX.4.4:PRC82841->QFXPRICES] daily, 00:00:00-UTC - 00:00:00-UTC
2024-12-08 18:11:34 [main] INFO  quickfix.mina.NetworkingOptions - Socket option: SocketTcpNoDelay=true
2024-12-08 18:11:34 [main] INFO  quickfix.mina.NetworkingOptions - Socket option: SocketSynchronousWrites=false
2024-12-08 18:11:34 [main] INFO  quickfix.mina.NetworkingOptions - Socket option: SocketSynchronousWriteTimeout=30000
2024-12-08 18:11:34 [main] INFO  quickfix.mina.NetworkingOptions - Socket option: SocketTcpNoDelay=true
2024-12-08 18:11:34 [main] INFO  quickfix.mina.NetworkingOptions - Socket option: SocketSynchronousWrites=false
2024-12-08 18:11:34 [main] INFO  quickfix.mina.NetworkingOptions - Socket option: SocketSynchronousWriteTimeout=30000
2024-12-08 18:11:34 [main] INFO  quickfix.SocketInitiator - SessionTimer started
2024-12-08 18:11:34 [QFJ Message Processor] INFO  quickfix.SocketInitiator - Started QFJ Message Processor
2024-12-08 19:41:01 [main] INFO  quickfix.DefaultSessionSchedule - [FIX.4.4:TRD82841->QFXTRADES] daily, 00:00:00-UTC - 00:00:00-UTC
2024-12-08 19:41:01 [main] INFO  quickfix.DefaultSessionSchedule - [FIX.4.4:PRC82841->QFXPRICES] daily, 00:00:00-UTC - 00:00:00-UTC
2024-12-08 19:41:01 [main] INFO  quickfix.mina.NetworkingOptions - Socket option: SocketTcpNoDelay=true
2024-12-08 19:41:01 [main] INFO  quickfix.mina.NetworkingOptions - Socket option: SocketSynchronousWrites=false
2024-12-08 19:41:01 [main] INFO  quickfix.mina.NetworkingOptions - Socket option: SocketSynchronousWriteTimeout=30000
2024-12-08 19:41:01 [main] INFO  quickfix.mina.NetworkingOptions - Socket option: SocketTcpNoDelay=true
2024-12-08 19:41:01 [main] INFO  quickfix.mina.NetworkingOptions - Socket option: SocketSynchronousWrites=false
2024-12-08 19:41:01 [main] INFO  quickfix.mina.NetworkingOptions - Socket option: SocketSynchronousWriteTimeout=30000
2024-12-08 19:41:01 [main] INFO  quickfix.SocketInitiator - SessionTimer started
2024-12-08 19:41:01 [QFJ Message Processor] INFO  quickfix.SocketInitiator - Started QFJ Message Processor
2024-12-08 19:47:14 [main] INFO  quickfix.DefaultSessionSchedule - [FIX.4.4:TRD82841->QFXTRADES] daily, 00:00:00-UTC - 00:00:00-UTC
2024-12-08 19:47:14 [main] INFO  quickfix.DefaultSessionSchedule - [FIX.4.4:PRC82841->QFXPRICES] daily, 00:00:00-UTC - 00:00:00-UTC
2024-12-08 19:47:14 [main] INFO  quickfix.mina.NetworkingOptions - Socket option: SocketTcpNoDelay=true
2024-12-08 19:47:14 [main] INFO  quickfix.mina.NetworkingOptions - Socket option: SocketSynchronousWrites=false
2024-12-08 19:47:14 [main] INFO  quickfix.mina.NetworkingOptions - Socket option: SocketSynchronousWriteTimeout=30000
2024-12-08 19:47:15 [main] INFO  quickfix.mina.NetworkingOptions - Socket option: SocketTcpNoDelay=true
2024-12-08 19:47:15 [main] INFO  quickfix.mina.NetworkingOptions - Socket option: SocketSynchronousWrites=false
2024-12-08 19:47:15 [main] INFO  quickfix.mina.NetworkingOptions - Socket option: SocketSynchronousWriteTimeout=30000
2024-12-08 19:47:15 [main] INFO  quickfix.SocketInitiator - SessionTimer started
2024-12-08 19:47:15 [QFJ Message Processor] INFO  quickfix.SocketInitiator - Started QFJ Message Processor
2024-12-08 20:39:39 [main] INFO  quickfix.DefaultSessionSchedule - [FIX.4.4:TRD82841->QFXTRADES] daily, 00:00:00-UTC - 00:00:00-UTC
2024-12-08 20:39:39 [main] INFO  quickfix.DefaultSessionSchedule - [FIX.4.4:PRC82841->QFXPRICES] daily, 00:00:00-UTC - 00:00:00-UTC
2024-12-08 20:39:39 [main] INFO  quickfix.mina.NetworkingOptions - Socket option: SocketTcpNoDelay=true
2024-12-08 20:39:39 [main] INFO  quickfix.mina.NetworkingOptions - Socket option: SocketSynchronousWrites=false
2024-12-08 20:39:39 [main] INFO  quickfix.mina.NetworkingOptions - Socket option: SocketSynchronousWriteTimeout=30000
2024-12-08 20:39:40 [main] INFO  quickfix.mina.NetworkingOptions - Socket option: SocketTcpNoDelay=true
2024-12-08 20:39:40 [main] INFO  quickfix.mina.NetworkingOptions - Socket option: SocketSynchronousWrites=false
2024-12-08 20:39:40 [main] INFO  quickfix.mina.NetworkingOptions - Socket option: SocketSynchronousWriteTimeout=30000
2024-12-08 20:39:40 [main] INFO  quickfix.SocketInitiator - SessionTimer started
2024-12-08 20:39:40 [QFJ Message Processor] INFO  quickfix.SocketInitiator - Started QFJ Message Processor
2024-12-08 20:41:03 [main] INFO  quickfix.DefaultSessionSchedule - [FIX.4.4:TRD82841->QFXTRADES] daily, 00:00:00-UTC - 00:00:00-UTC
2024-12-08 20:41:03 [main] INFO  quickfix.DefaultSessionSchedule - [FIX.4.4:PRC82841->QFXPRICES] daily, 00:00:00-UTC - 00:00:00-UTC
2024-12-08 20:41:03 [main] INFO  quickfix.mina.NetworkingOptions - Socket option: SocketTcpNoDelay=true
2024-12-08 20:41:03 [main] INFO  quickfix.mina.NetworkingOptions - Socket option: SocketSynchronousWrites=false
2024-12-08 20:41:03 [main] INFO  quickfix.mina.NetworkingOptions - Socket option: SocketSynchronousWriteTimeout=30000
2024-12-08 20:41:03 [main] INFO  quickfix.mina.NetworkingOptions - Socket option: SocketTcpNoDelay=true
2024-12-08 20:41:03 [main] INFO  quickfix.mina.NetworkingOptions - Socket option: SocketSynchronousWrites=false
2024-12-08 20:41:03 [main] INFO  quickfix.mina.NetworkingOptions - Socket option: SocketSynchronousWriteTimeout=30000
2024-12-08 20:41:03 [main] INFO  quickfix.SocketInitiator - SessionTimer started
2024-12-08 20:41:03 [QFJ Message Processor] INFO  quickfix.SocketInitiator - Started QFJ Message Processor
2024-12-08 20:53:39 [main] INFO  quickfix.DefaultSessionSchedule - [FIX.4.4:TRD82841->QFXTRADES] daily, 00:00:00-UTC - 00:00:00-UTC
2024-12-08 20:53:39 [main] INFO  quickfix.DefaultSessionSchedule - [FIX.4.4:PRC82841->QFXPRICES] daily, 00:00:00-UTC - 00:00:00-UTC
2024-12-08 20:53:39 [main] INFO  quickfix.mina.NetworkingOptions - Socket option: SocketTcpNoDelay=true
2024-12-08 20:53:39 [main] INFO  quickfix.mina.NetworkingOptions - Socket option: SocketSynchronousWrites=false
2024-12-08 20:53:39 [main] INFO  quickfix.mina.NetworkingOptions - Socket option: SocketSynchronousWriteTimeout=30000
2024-12-08 20:53:40 [main] INFO  quickfix.mina.NetworkingOptions - Socket option: SocketTcpNoDelay=true
2024-12-08 20:53:40 [main] INFO  quickfix.mina.NetworkingOptions - Socket option: SocketSynchronousWrites=false
2024-12-08 20:53:40 [main] INFO  quickfix.mina.NetworkingOptions - Socket option: SocketSynchronousWriteTimeout=30000
2024-12-08 20:53:40 [main] INFO  quickfix.SocketInitiator - SessionTimer started
2024-12-08 20:53:40 [QFJ Message Processor] INFO  quickfix.SocketInitiator - Started QFJ Message Processor
2024-12-08 21:11:00 [main] INFO  quickfix.DefaultSessionSchedule - [FIX.4.4:TRD82841->QFXTRADES] daily, 00:00:00-UTC - 00:00:00-UTC
2024-12-08 21:11:00 [main] INFO  quickfix.DefaultSessionSchedule - [FIX.4.4:PRC82841->QFXPRICES] daily, 00:00:00-UTC - 00:00:00-UTC
2024-12-08 21:11:00 [main] INFO  quickfix.mina.NetworkingOptions - Socket option: SocketTcpNoDelay=true
2024-12-08 21:11:00 [main] INFO  quickfix.mina.NetworkingOptions - Socket option: SocketSynchronousWrites=false
2024-12-08 21:11:00 [main] INFO  quickfix.mina.NetworkingOptions - Socket option: SocketSynchronousWriteTimeout=30000
2024-12-08 21:11:01 [main] INFO  quickfix.mina.NetworkingOptions - Socket option: SocketTcpNoDelay=true
2024-12-08 21:11:01 [main] INFO  quickfix.mina.NetworkingOptions - Socket option: SocketSynchronousWrites=false
2024-12-08 21:11:01 [main] INFO  quickfix.mina.NetworkingOptions - Socket option: SocketSynchronousWriteTimeout=30000
2024-12-08 21:11:01 [main] INFO  quickfix.SocketInitiator - SessionTimer started
2024-12-08 21:11:01 [QFJ Message Processor] INFO  quickfix.SocketInitiator - Started QFJ Message Processor
2024-12-08 21:14:09 [main] INFO  quickfix.DefaultSessionSchedule - [FIX.4.4:TRD82841->QFXTRADES] daily, 00:00:00-UTC - 00:00:00-UTC
2024-12-08 21:14:09 [main] INFO  quickfix.DefaultSessionSchedule - [FIX.4.4:PRC82841->QFXPRICES] daily, 00:00:00-UTC - 00:00:00-UTC
2024-12-08 21:14:09 [main] INFO  quickfix.mina.NetworkingOptions - Socket option: SocketTcpNoDelay=true
2024-12-08 21:14:09 [main] INFO  quickfix.mina.NetworkingOptions - Socket option: SocketSynchronousWrites=false
2024-12-08 21:14:09 [main] INFO  quickfix.mina.NetworkingOptions - Socket option: SocketSynchronousWriteTimeout=30000
2024-12-08 21:14:09 [main] INFO  quickfix.mina.NetworkingOptions - Socket option: SocketTcpNoDelay=true
2024-12-08 21:14:09 [main] INFO  quickfix.mina.NetworkingOptions - Socket option: SocketSynchronousWrites=false
2024-12-08 21:14:09 [main] INFO  quickfix.mina.NetworkingOptions - Socket option: SocketSynchronousWriteTimeout=30000
2024-12-08 21:14:09 [main] INFO  quickfix.SocketInitiator - SessionTimer started
2024-12-08 21:14:09 [QFJ Message Processor] INFO  quickfix.SocketInitiator - Started QFJ Message Processor
2024-12-08 21:18:18 [main] INFO  quickfix.DefaultSessionSchedule - [FIX.4.4:TRD82841->QFXTRADES] daily, 00:00:00-UTC - 00:00:00-UTC
2024-12-08 21:18:18 [main] INFO  quickfix.DefaultSessionSchedule - [FIX.4.4:PRC82841->QFXPRICES] daily, 00:00:00-UTC - 00:00:00-UTC
2024-12-08 21:18:18 [main] INFO  quickfix.mina.NetworkingOptions - Socket option: SocketTcpNoDelay=true
2024-12-08 21:18:18 [main] INFO  quickfix.mina.NetworkingOptions - Socket option: SocketSynchronousWrites=false
2024-12-08 21:18:18 [main] INFO  quickfix.mina.NetworkingOptions - Socket option: SocketSynchronousWriteTimeout=30000
2024-12-08 21:18:19 [main] INFO  quickfix.mina.NetworkingOptions - Socket option: SocketTcpNoDelay=true
2024-12-08 21:18:19 [main] INFO  quickfix.mina.NetworkingOptions - Socket option: SocketSynchronousWrites=false
2024-12-08 21:18:19 [main] INFO  quickfix.mina.NetworkingOptions - Socket option: SocketSynchronousWriteTimeout=30000
2024-12-08 21:18:19 [main] INFO  quickfix.SocketInitiator - SessionTimer started
2024-12-08 21:18:19 [QFJ Message Processor] INFO  quickfix.SocketInitiator - Started QFJ Message Processor
2024-12-08 23:06:47 [main] INFO  quickfix.DefaultSessionSchedule - [FIX.4.4:TRD82841->QFXTRADES] daily, 00:00:00-UTC - 00:00:00-UTC
2024-12-08 23:06:48 [main] INFO  quickfix.DefaultSessionSchedule - [FIX.4.4:PRC82841->QFXPRICES] daily, 00:00:00-UTC - 00:00:00-UTC
2024-12-08 23:06:48 [main] INFO  quickfix.mina.NetworkingOptions - Socket option: SocketTcpNoDelay=true
2024-12-08 23:06:48 [main] INFO  quickfix.mina.NetworkingOptions - Socket option: SocketSynchronousWrites=false
2024-12-08 23:06:48 [main] INFO  quickfix.mina.NetworkingOptions - Socket option: SocketSynchronousWriteTimeout=30000
2024-12-08 23:06:48 [main] INFO  quickfix.mina.NetworkingOptions - Socket option: SocketTcpNoDelay=true
2024-12-08 23:06:48 [main] INFO  quickfix.mina.NetworkingOptions - Socket option: SocketSynchronousWrites=false
2024-12-08 23:06:48 [main] INFO  quickfix.mina.NetworkingOptions - Socket option: SocketSynchronousWriteTimeout=30000
2024-12-08 23:06:48 [main] INFO  quickfix.SocketInitiator - SessionTimer started
2024-12-08 23:06:48 [QFJ Message Processor] INFO  quickfix.SocketInitiator - Started QFJ Message Processor
2024-12-08 23:09:11 [main] INFO  quickfix.DefaultSessionSchedule - [FIX.4.4:TRD82841->QFXTRADES] daily, 00:00:00-UTC - 00:00:00-UTC
2024-12-08 23:09:11 [main] INFO  quickfix.DefaultSessionSchedule - [FIX.4.4:PRC82841->QFXPRICES] daily, 00:00:00-UTC - 00:00:00-UTC
2024-12-08 23:09:11 [main] INFO  quickfix.mina.NetworkingOptions - Socket option: SocketTcpNoDelay=true
2024-12-08 23:09:11 [main] INFO  quickfix.mina.NetworkingOptions - Socket option: SocketSynchronousWrites=false
2024-12-08 23:09:11 [main] INFO  quickfix.mina.NetworkingOptions - Socket option: SocketSynchronousWriteTimeout=30000
2024-12-08 23:09:12 [main] INFO  quickfix.mina.NetworkingOptions - Socket option: SocketTcpNoDelay=true
2024-12-08 23:09:12 [main] INFO  quickfix.mina.NetworkingOptions - Socket option: SocketSynchronousWrites=false
2024-12-08 23:09:12 [main] INFO  quickfix.mina.NetworkingOptions - Socket option: SocketSynchronousWriteTimeout=30000
2024-12-08 23:09:12 [main] INFO  quickfix.SocketInitiator - SessionTimer started
2024-12-08 23:09:12 [QFJ Message Processor] INFO  quickfix.SocketInitiator - Started QFJ Message Processor
2024-12-08 23:29:52 [main] INFO  quickfix.DefaultSessionSchedule - [FIX.4.4:TRD82841->QFXTRADES] daily, 00:00:00-UTC - 00:00:00-UTC
2024-12-08 23:29:53 [main] INFO  quickfix.DefaultSessionSchedule - [FIX.4.4:PRC82841->QFXPRICES] daily, 00:00:00-UTC - 00:00:00-UTC
2024-12-08 23:29:53 [main] INFO  quickfix.mina.NetworkingOptions - Socket option: SocketTcpNoDelay=true
2024-12-08 23:29:53 [main] INFO  quickfix.mina.NetworkingOptions - Socket option: SocketSynchronousWrites=false
2024-12-08 23:29:53 [main] INFO  quickfix.mina.NetworkingOptions - Socket option: SocketSynchronousWriteTimeout=30000
2024-12-08 23:29:53 [main] INFO  quickfix.mina.NetworkingOptions - Socket option: SocketTcpNoDelay=true
2024-12-08 23:29:53 [main] INFO  quickfix.mina.NetworkingOptions - Socket option: SocketSynchronousWrites=false
2024-12-08 23:29:53 [main] INFO  quickfix.mina.NetworkingOptions - Socket option: SocketSynchronousWriteTimeout=30000
2024-12-08 23:29:53 [main] INFO  quickfix.SocketInitiator - SessionTimer started
2024-12-08 23:29:53 [QFJ Message Processor] INFO  quickfix.SocketInitiator - Started QFJ Message Processor
